Thumbnails for 164 items → /Users/diazaraujo/atlas-replicas/thumbs
→ [0] draw_your_chart ok 14KB
→ [1] poverty_regions ok 18KB
→ [2] poverty_scroller ok 91KB
→ [3] poverty_projections ok 50KB
→ [4] venn_diagram ok 23KB
→ [5] national_poverty_comparison ok 15KB
→ [6] prevalence_undernourishment_regions ok 106KB
→ [7] prevalence_undernourishment_gridmap ok 107KB
→ [8] food_insecurity_hotspots ok 33KB
→ [9] food_insecurity_matrix ok 30KB
→ [10] undernourishment_conflict ok 15KB
→ [11] myanmar_foodprices_conflict ok 44KB
→ [12] ndvi_map_scroller skip
→ [13] uhc_chart ok 15KB
→ [14] uhc_small_multiple ok 14KB
→ [15] uhc_index_scroller ok 67KB
→ [16] mortality_plot ok 14KB
→ [17] mortality_region_scroller ok 71KB
→ [18] uhc_speed_scores_scroller ok 58KB
→ [19] uhc_outcomes_scroller skip
→ [20] rmnch_progress_scroller ok 76KB
→ [21] financial_hardship_chart ok 18KB
→ [22] medical_cost_chart ok 12KB
→ [23] schooling_regions ok 14KB
→ [24] schooling_scroller ok 91KB
→ [25] education_quality_details ok 21KB
→ [26] lays_change ok 17KB
→ [27] wages ok 15KB
→ [28] mincer_coefficients ok 19KB
→ [29] wage_scroller skip
→ [30] global_labor_force_participation ok 20KB
→ [31] sdg5_350_years ok 81KB
→ [32] sdg5_turkiye_lfp_drivers ok 23KB
→ [33] sdg5_turkiye_fertility ok 18KB
→ [34] sdg5_turkiye_education ok 20KB
→ [35] sdg5_better_jobs_for_women ok 72KB
→ [36] gender_gap_informal_gdp skip
→ [37] sdg5_wage_gap_beeswarm ok 70KB
→ [38] unpaid_time_animation ok 82KB
→ [39] sdg5_ai_occupational_exposure_by_gender ok 20KB
→ [40] safely_managed skip
→ [41] safely_managed_grouped skip
→ [42] safely_managed_country skip
→ [43] estimating skip
→ [44] limiting_factors skip
→ [45] tanzania_typical_progress skip
→ [46] ecoli_table skip
→ [47] e_coli skip
→ [48] e_coli_urban_rural skip
→ [49] bangladesh_arsenic_grouped skip
→ [50] arsenic_by_source skip
→ [51] access_electricity_regions ok 83KB
→ [52] access_electricity_population ok 101KB
→ [53] access_electricity_urban_rural ok 27KB
→ [54] access_electricity_progress ok 74KB
→ [55] access_electricity_urban_rural_countries ok 37KB
→ [56] hexmap_nigeria ok 109KB
→ [57] hexmap_ethiopia skip
→ [58] gdp_growth_global_countries ok 17KB
→ [59] gdp_growth_income_levels ok 17KB
→ [60] growth_since_90 ok 65KB
→ [61] gdp_progress_scroller ok 66KB
→ [62] income_world_map ok 34KB
→ [63] income_classification_scroller ok 66KB
→ [64] unemployment_global skip
→ [65] neet_gdp ok 90KB
→ [66] internet_access_scroller ok 53KB
→ [67] internet_access_urban_rural ok 15KB
→ [68] income_gender_gap ok 21KB
→ [69] internet_progress ok 69KB
→ [70] mobile_vs_fixed_broadband ok 85KB
→ [71] coverage_map ok 78KB
→ [72] speed_test skip
→ [73] coverage_access_slopes ok 18KB
→ [74] can_send_text_message ok 20KB
→ [75] smartphone_ownership ok 63KB
→ [76] high_inequality_trend ok 58KB
→ [77] high_inequality_map ok 18KB
→ [78] shared_prosperity_scatter ok 105KB
→ [79] prosperity_gap_scroller ok 96KB
→ [80] prosperity_gaps ok 100KB
→ [81] prosperity_gap_trends ok 98KB
→ [82] income_prosperity_gap skip
→ [83] income_prosperity_gap ok 11KB
→ [84] prosperity_gap_playground ok 14KB
→ [85] urban_rural_pop_scroller ok 107KB
→ [86] city_map ok 73KB
→ [87] urban_gdp_scatterplot ok 20KB
→ [88] skill_violin ok 95KB
→ [89] skill_violin_groups ok 26KB
→ [90] pay_beeswarm ok 21KB
→ [91] buildup_area_overtime skip
→ [92] slum_regions ok 15KB
→ [93] slum_waffle ok 25KB
→ [94] buildup_area_income ok 17KB
→ [95] intro_scroller ok 146KB
→ [96] efficient_price_explanation ok 16KB
→ [97] sdg12_efficient_price_dotplot ok 13KB
→ [98] efficient_price_scroller ok 11KB
→ [99] intro_scroller ok 66KB
→ [100] sdg12_challenges_scroller ok 12KB
→ [101] ch12_reforms_scroller skip
→ [102] sdg13_effects_of_climate_change_scroller ok 74KB
→ [103] sdg13_effects_of_climate_change_scroller ok 50KB
→ [104] sdg13_effects_of_climate_change_scroller ok 120KB
→ [105] sdg13_effects_of_climate_change_scroller ok 46KB
→ [106] sdg13_effects_of_climate_change ok 16KB
→ [107] sdg13_icon_matrix ok 74KB
→ [108] sdg13_regional_exposure_vuln skip
→ [109] sdg13_icon_matrix ok 117KB
→ [110] plastic_production ok 15KB
→ [111] plastic_waste ok 15KB
→ [112] plastic_leakage ok 45KB
→ [113] plastic_discharge ok 57KB
→ [114] plastic_concentration ok 57KB
→ [115] north_pacific_garbage_patch ok 45KB
→ [116] fish_mortality skip
→ [117] plastic_seafood ok 21KB
→ [118] nitrogen_phosphorus ok 24KB
→ [119] phosphorus_increase ok 54KB
→ [120] nitrogen_increase ok 54KB
→ [121] chlorophyll_a_trend ok 59KB
→ [122] chlorophyll_deviation ok 26KB
→ [123] phytoplankton_blooms ok 44KB
→ [124] algal_blooms ok 57KB
→ [125] land_use ok 13KB
→ [126] arable_land_degradation ok 106KB
→ [127] aridity_classes ok 25KB
→ [128] aridity_difference ok 28KB
→ [129] new_drylands ok 30KB
→ [130] image ok 37KB
→ [131] aridity_biodiversity_map skip
→ [132] protected_areas ok 13KB
→ [133] image ok 22KB
→ [134] ai_adoption ok 14KB
→ [135] affordability_barrier ok 19KB
→ [136] digital_language_divide ok 17KB
→ [137] digital_skills ok 19KB
→ [138] exposure ok 124KB
→ [139] survey_age skip
→ [140] nigeria_poverty_extrapolation skip
→ [141] missing_children_data_waffles skip
→ [142] spi_scroller skip
→ [143] spi_gdp_scatter skip
→ [144] basic_scatterplot ok 15KB
→ [145] poverty_projections ok 57KB
→ [146] basic_scatterplot_particles ok 51KB
→ [147] indicators_progress ok 107KB
→ [148] dashboard_scroller ok 16KB
→ [149] image ok 21KB
→ [150] image ok 15KB
→ [151] image ok 21KB
→ [152] image ok 14KB
→ [153] image ok 17KB
→ [154] image ok 14KB
→ [155] image skip
→ [156] image ok 24KB
→ [157] image ok 18KB
→ [158] image ok 20KB
→ [159] image ok 29KB
→ [160] image ok 18KB
→ [161] poverty_progress_comparison ok 71KB
→ [162] poverty_rate_change_scroller ok 81KB
→ [163] projection_country ok 51KB

Done: 164/164 gifs · gallery.html updated
